In file included from [01m[K/home/rosdev/ros2_ws/build/claw_machine_msgs/rosidl_generator_c/claw_machine_msgs/msg/detail/position__functions.h:19[m[K,
                 from [01m[K/home/rosdev/ros2_ws/build/claw_machine_msgs/rosidl_generator_c/claw_machine_msgs/msg/detail/position__functions.c:4[m[K:
[01m[K/home/rosdev/ros2_ws/build/claw_machine_msgs/rosidl_generator_c/claw_machine_msgs/msg/detail/position__struct.h:22:10:[m[K [01;31m[Kfatal error: [m[Kclaw_machine_msgs/msg/detail/header__struct.h: No such file or directory
   22 | #include [01;31m[K"claw_machine_msgs/msg/detail/header__struct.h"[m[K
      |          [01;31m[K^~~~~~~~~~~~~~~~~~~~~~~~~~~~~~~~~~~~~~~~~~~~~~~[m[K
compilation terminated.
gmake[2]: *** [CMakeFiles/claw_machine_msgs__rosidl_generator_c.dir/build.make:137: CMakeFiles/claw_machine_msgs__rosidl_generator_c.dir/rosidl_generator_c/claw_machine_msgs/msg/detail/position__functions.c.o] Error 1
gmake[1]: *** [CMakeFiles/Makefile2:213: CMakeFiles/claw_machine_msgs__rosidl_generator_c.dir/all] Error 2
gmake[1]: *** Waiting for unfinished jobs....
In file included from [01m[K/home/rosdev/ros2_ws/build/claw_machine_msgs/rosidl_typesupport_cpp/claw_machine_msgs/msg/position__type_support.cpp:7[m[K:
[01m[K/home/rosdev/ros2_ws/build/claw_machine_msgs/rosidl_generator_cpp/claw_machine_msgs/msg/detail/position__struct.hpp:20:10:[m[K [01;31m[Kfatal error: [m[Kclaw_machine_msgs/msg/detail/header__struct.hpp: No such file or directory
   20 | #include [01;31m[K"claw_machine_msgs/msg/detail/header__struct.hpp"[m[K
      |          [01;31m[K^~~~~~~~~~~~~~~~~~~~~~~~~~~~~~~~~~~~~~~~~~~~~~~~~[m[K
compilation terminated.
gmake[2]: *** [CMakeFiles/claw_machine_msgs__rosidl_typesupport_cpp.dir/build.make:118: CMakeFiles/claw_machine_msgs__rosidl_typesupport_cpp.dir/rosidl_typesupport_cpp/claw_machine_msgs/msg/position__type_support.cpp.o] Error 1
gmake[1]: *** [CMakeFiles/Makefile2:395: CMakeFiles/claw_machine_msgs__rosidl_typesupport_cpp.dir/all] Error 2
In file included from [01m[K/home/rosdev/ros2_ws/build/claw_machine_msgs/rosidl_typesupport_fastrtps_cpp/claw_machine_msgs/msg/detail/position__rosidl_typesupport_fastrtps_cpp.hpp:11[m[K,
                 from [01m[K/home/rosdev/ros2_ws/build/claw_machine_msgs/rosidl_typesupport_fastrtps_cpp/claw_machine_msgs/msg/detail/dds_fastrtps/position__type_support.cpp:4[m[K:
[01m[K/home/rosdev/ros2_ws/build/claw_machine_msgs/rosidl_generator_cpp/claw_machine_msgs/msg/detail/position__struct.hpp:20:10:[m[K [01;31m[Kfatal error: [m[Kclaw_machine_msgs/msg/detail/header__struct.hpp: No such file or directory
   20 | #include [01;31m[K"claw_machine_msgs/msg/detail/header__struct.hpp"[m[K
      |          [01;31m[K^~~~~~~~~~~~~~~~~~~~~~~~~~~~~~~~~~~~~~~~~~~~~~~~~[m[K
compilation terminated.
gmake[2]: *** [CMakeFiles/claw_machine_msgs__rosidl_typesupport_fastrtps_cpp.dir/build.make:123: CMakeFiles/claw_machine_msgs__rosidl_typesupport_fastrtps_cpp.dir/rosidl_typesupport_fastrtps_cpp/claw_machine_msgs/msg/detail/dds_fastrtps/position__type_support.cpp.o] Error 1
gmake[1]: *** [CMakeFiles/Makefile2:291: CMakeFiles/claw_machine_msgs__rosidl_typesupport_fastrtps_cpp.dir/all] Error 2
In file included from [01m[K/home/rosdev/ros2_ws/build/claw_machine_msgs/rosidl_typesupport_introspection_cpp/claw_machine_msgs/msg/detail/position__type_support.cpp:12[m[K:
[01m[K/home/rosdev/ros2_ws/build/claw_machine_msgs/rosidl_generator_cpp/claw_machine_msgs/msg/detail/position__struct.hpp:20:10:[m[K [01;31m[Kfatal error: [m[Kclaw_machine_msgs/msg/detail/header__struct.hpp: No such file or directory
   20 | #include [01;31m[K"claw_machine_msgs/msg/detail/header__struct.hpp"[m[K
      |          [01;31m[K^~~~~~~~~~~~~~~~~~~~~~~~~~~~~~~~~~~~~~~~~~~~~~~~~[m[K
compilation terminated.
gmake[2]: *** [CMakeFiles/claw_machine_msgs__rosidl_typesupport_introspection_cpp.dir/build.make:123: CMakeFiles/claw_machine_msgs__rosidl_typesupport_introspection_cpp.dir/rosidl_typesupport_introspection_cpp/claw_machine_msgs/msg/detail/position__type_support.cpp.o] Error 1
gmake[1]: *** [CMakeFiles/Makefile2:369: CMakeFiles/claw_machine_msgs__rosidl_typesupport_introspection_cpp.dir/all] Error 2
gmake: *** [Makefile:146: all] Error 2
